Traceback (most recent call last):
  File "/home/runner/.cache/pypoetry/virtualenvs/corneto-lU1q7eKj-py3.11/lib/python3.11/site-packages/jupyter_cache/executors/utils.py", line 58, in single_nb_execution
    executenb(
  File "/home/runner/.cache/pypoetry/virtualenvs/corneto-lU1q7eKj-py3.11/lib/python3.11/site-packages/nbclient/client.py", line 1319, in execute
    return NotebookClient(nb=nb, resources=resources, km=km, **kwargs).execute()
           ^^^^^^^^^^^^^^^^^^^^^^^^^^^^^^^^^^^^^^^^^^^^^^^^^^^^^^^^^^^^^^^^^^^^^
  File "/home/runner/.cache/pypoetry/virtualenvs/corneto-lU1q7eKj-py3.11/lib/python3.11/site-packages/jupyter_core/utils/__init__.py", line 165, in wrapped
    return loop.run_until_complete(inner)
           ^^^^^^^^^^^^^^^^^^^^^^^^^^^^^^
  File "/opt/hostedtoolcache/Python/3.11.11/x64/lib/python3.11/asyncio/base_events.py", line 654, in run_until_complete
    return future.result()
           ^^^^^^^^^^^^^^^
  File "/home/runner/.cache/pypoetry/virtualenvs/corneto-lU1q7eKj-py3.11/lib/python3.11/site-packages/nbclient/client.py", line 709, in async_execute
    await self.async_execute_cell(
  File "/home/runner/.cache/pypoetry/virtualenvs/corneto-lU1q7eKj-py3.11/lib/python3.11/site-packages/nbclient/client.py", line 1062, in async_execute_cell
    await self._check_raise_for_error(cell, cell_index, exec_reply)
  File "/home/runner/.cache/pypoetry/virtualenvs/corneto-lU1q7eKj-py3.11/lib/python3.11/site-packages/nbclient/client.py", line 918, in _check_raise_for_error
    raise CellExecutionError.from_cell_and_msg(cell, exec_reply_content)
nbclient.exceptions.CellExecutionError: An error occurred while executing the following cell:
------------------
rid = list(G.get_edges_by_attr("id", "Biomass_Ecoli_core"))[0]
biomass = P.expr.flow[rid]
P.add_objectives(biomass, weights=-1)
P.solve()
print(biomass.value)
------------------


[0;31m---------------------------------------------------------------------------[0m
[0;31mNoStrategyFound[0m                           Traceback (most recent call last)
File [0;32m~/.cache/pypoetry/virtualenvs/corneto-lU1q7eKj-py3.11/lib/python3.11/site-packages/picos/modeling/problem.py:1802[0m, in [0;36mProblem.solve[0;34m(self, **extra_options)[0m
[1;32m   1801[0m [38;5;28;01mtry[39;00m:
[0;32m-> 1802[0m     [38;5;28mself[39m[38;5;241m.[39m_strategy [38;5;241m=[39m [43mStrategy[49m[38;5;241;43m.[39;49m[43mfrom_problem[49m[43m([49m
[1;32m   1803[0m [43m        [49m[38;5;28;43mself[39;49m[43m,[49m[43m [49m[38;5;241;43m*[39;49m[38;5;241;43m*[39;49m[43mextra_options[49m[43m)[49m
[1;32m   1804[0m [38;5;28;01mexcept[39;00m NoStrategyFound [38;5;28;01mas[39;00m error:

File [0;32m~/.cache/pypoetry/virtualenvs/corneto-lU1q7eKj-py3.11/lib/python3.11/site-packages/picos/modeling/strategy.py:331[0m, in [0;36mStrategy.from_problem[0;34m(cls, problem, **extra_options)[0m
[1;32m    329[0m         synopsis [38;5;241m+[39m[38;5;241m=[39m [38;5;124m"[39m[38;5;130;01m\n[39;00m[38;5;124m    - [39m[38;5;124m"[39m[38;5;241m.[39mjoin(([38;5;124m"[39m[38;5;124m"[39m,) [38;5;241m+[39m reasons)
[0;32m--> 331[0m     [38;5;28;01mraise[39;00m NoStrategyFound(synopsis)
[1;32m    333[0m [38;5;28;01mreturn[39;00m strategies[costs[38;5;241m.[39mindex([38;5;28mmin[39m(costs))]

[0;31mNoStrategyFound[0m: No problem reformulation strategy found.
Selected reasons for discarding reachable problem formulations:
  SCIP via PySCIPOpt does not support:
    - Continuous problems, except for nonconvex quadratic ones (PICOS' choice).

The above exception was the direct cause of the following exception:

[0;31mSolutionFailure[0m                           Traceback (most recent call last)
Cell [0;32mIn[4], line 4[0m
[1;32m      2[0m biomass [38;5;241m=[39m P[38;5;241m.[39mexpr[38;5;241m.[39mflow[rid]
[1;32m      3[0m P[38;5;241m.[39madd_objectives(biomass, weights[38;5;241m=[39m[38;5;241m-[39m[38;5;241m1[39m)
[0;32m----> 4[0m [43mP[49m[38;5;241;43m.[39;49m[43msolve[49m[43m([49m[43m)[49m
[1;32m      5[0m [38;5;28mprint[39m(biomass[38;5;241m.[39mvalue)

File [0;32m~/work/corneto/corneto/corneto/backend/_base.py:571[0m, in [0;36mProblemDef.solve[0;34m(self, solver, max_seconds, warm_start, verbosity, **options)[0m
[1;32m    569[0m [38;5;28;01mif[39;00m [38;5;28mself[39m[38;5;241m.[39m_backend [38;5;129;01mis[39;00m [38;5;28;01mNone[39;00m:
[1;32m    570[0m     [38;5;28;01mraise[39;00m [38;5;167;01mValueError[39;00m([38;5;124m"[39m[38;5;124mNo backend assigned.[39m[38;5;124m"[39m)
[0;32m--> 571[0m [38;5;28;01mreturn[39;00m [38;5;28;43mself[39;49m[38;5;241;43m.[39;49m[43m_backend[49m[38;5;241;43m.[39;49m[43msolve[49m[43m([49m
[1;32m    572[0m [43m    [49m[38;5;28;43mself[39;49m[43m,[49m
[1;32m    573[0m [43m    [49m[43msolver[49m[38;5;241;43m=[39;49m[43msolver[49m[43m,[49m
[1;32m    574[0m [43m    [49m[43mmax_seconds[49m[38;5;241;43m=[39;49m[43mmax_seconds[49m[43m,[49m
[1;32m    575[0m [43m    [49m[43mwarm_start[49m[38;5;241;43m=[39;49m[43mwarm_start[49m[43m,[49m
[1;32m    576[0m [43m    [49m[43mverbosity[49m[38;5;241;43m=[39;49m[43mverbosity[49m[43m,[49m
[1;32m    577[0m [43m    [49m[38;5;241;43m*[39;49m[38;5;241;43m*[39;49m[43moptions[49m[43m,[49m
[1;32m    578[0m [43m[49m[43m)[49m

File [0;32m~/work/corneto/corneto/corneto/backend/_base.py:832[0m, in [0;36mBackend.solve[0;34m(self, p, solver, max_seconds, warm_start, verbosity, **options)[0m
[1;32m    826[0m [38;5;28;01melse[39;00m:
[1;32m    827[0m     o [38;5;241m=[39m (
[1;32m    828[0m         p[38;5;241m.[39mweights[[38;5;241m0[39m] [38;5;241m*[39m p[38;5;241m.[39mobjectives[[38;5;241m0[39m]
[1;32m    829[0m         [38;5;28;01mif[39;00m p[38;5;241m.[39mobjectives [38;5;129;01mand[39;00m p[38;5;241m.[39mweights[[38;5;241m0[39m] [38;5;241m!=[39m [38;5;241m0[39m
[1;32m    830[0m         [38;5;28;01melse[39;00m [38;5;28;01mNone[39;00m
[1;32m    831[0m     )
[0;32m--> 832[0m [38;5;28;01mreturn[39;00m [38;5;28;43mself[39;49m[38;5;241;43m.[39;49m[43m_solve[49m[43m([49m
[1;32m    833[0m [43m    [49m[43mp[49m[43m,[49m
[1;32m    834[0m [43m    [49m[43mobjective[49m[38;5;241;43m=[39;49m[43mo[49m[43m,[49m
[1;32m    835[0m [43m    [49m[43msolver[49m[38;5;241;43m=[39;49m[43msolver[49m[43m,[49m
[1;32m    836[0m [43m    [49m[43mmax_seconds[49m[38;5;241;43m=[39;49m[43mmax_seconds[49m[43m,[49m
[1;32m    837[0m [43m    [49m[43mwarm_start[49m[38;5;241;43m=[39;49m[43mwarm_start[49m[43m,[49m
[1;32m    838[0m [43m    [49m[43mverbosity[49m[38;5;241;43m=[39;49m[43mverbosity[49m[43m,[49m
[1;32m    839[0m [43m    [49m[38;5;241;43m*[39;49m[38;5;241;43m*[39;49m[43moptions[49m[43m,[49m
[1;32m    840[0m [43m[49m[43m)[49m

File [0;32m~/work/corneto/corneto/corneto/backend/_picos_backend.py:240[0m, in [0;36mPicosBackend._solve[0;34m(self, p, objective, solver, max_seconds, warm_start, verbosity, **options)[0m
[1;32m    237[0m     [38;5;28;01mfrom[39;00m[38;5;250m [39m[38;5;21;01mcorneto[39;00m[38;5;21;01m.[39;00m[38;5;21;01m_settings[39;00m[38;5;250m [39m[38;5;28;01mimport[39;00m LOGGER
[1;32m    239[0m     LOGGER[38;5;241m.[39mwarn([38;5;124m"[39m[38;5;124mwarm_start is not supported yet, ignored[39m[38;5;124m"[39m)
[0;32m--> 240[0m [43mP[49m[38;5;241;43m.[39;49m[43msolve[49m[43m([49m
[1;32m    241[0m [43m    [49m[43mtimelimit[49m[38;5;241;43m=[39;49m[43mmax_seconds[49m[43m,[49m
[1;32m    242[0m [43m    [49m[43msolver[49m[38;5;241;43m=[39;49m[43msolver[49m[43m,[49m
[1;32m    243[0m [43m    [49m[43mverbosity[49m[38;5;241;43m=[39;49m[43mverbosity[49m[43m,[49m
[1;32m    244[0m [43m    [49m[43mhotstart[49m[38;5;241;43m=[39;49m[43mwarm_start[49m[43m,[49m
[1;32m    245[0m [43m    [49m[38;5;241;43m*[39;49m[38;5;241;43m*[39;49m[43moptions[49m[43m,[49m
[1;32m    246[0m [43m[49m[43m)[49m
[1;32m    247[0m [38;5;28;01mreturn[39;00m P

File [0;32m~/.cache/pypoetry/virtualenvs/corneto-lU1q7eKj-py3.11/lib/python3.11/site-packages/picos/modeling/problem.py:1810[0m, in [0;36mProblem.solve[0;34m(self, **extra_options)[0m
[1;32m   1807[0m     [38;5;28;01mif[39;00m verbose:
[1;32m   1808[0m         [38;5;28mprint[39m(s, flush[38;5;241m=[39m[38;5;28;01mTrue[39;00m)
[0;32m-> 1810[0m     [38;5;28;01mraise[39;00m SolutionFailure([38;5;241m1[39m, [38;5;124m"[39m[38;5;124mNo solution strategy found.[39m[38;5;124m"[39m) \
[1;32m   1811[0m         [38;5;28;01mfrom[39;00m[38;5;250m [39m[38;5;21;01merror[39;00m
[1;32m   1813[0m [38;5;28;01mif[39;00m verbose:
[1;32m   1814[0m     [38;5;28mprint[39m([38;5;124m"[39m[38;5;124mSolution strategy:[39m[38;5;130;01m\n[39;00m[38;5;124m  [39m[38;5;132;01m{}[39;00m[38;5;124m"[39m[38;5;241m.[39mformat(
[1;32m   1815[0m         [38;5;124m"[39m[38;5;130;01m\n[39;00m[38;5;124m  [39m[38;5;124m"[39m[38;5;241m.[39mjoin([38;5;28mstr[39m([38;5;28mself[39m[38;5;241m.[39m_strategy)[38;5;241m.[39msplitlines())))

[0;31mSolutionFailure[0m: Code 1: No solution strategy found.

